/research/brg/install/bare-pkgs/x86_64-centos6/pkgs/synopsys-dc-2011.09-SP3/auxx/gui/dv/dv_setup.tcl
/research/brg/install/bare-pkgs/x86_64-centos6/pkgs/synopsys-dc-2011.09-SP3/auxx/gui/syn/snpsSynProcs.tcl
/research/brg/install/bare-pkgs/x86_64-centos6/pkgs/synopsys-dc-2011.09-SP3/auxx/tcllib/lib/tcl8.4/package.tcl
/research/brg/install/bare-pkgs/x86_64-centos6/pkgs/synopsys-dc-2011.09-SP3/auxx/gui/syn/layout/pkgIndex.tcl
/research/brg/install/bare-pkgs/x86_64-centos6/pkgs/synopsys-dc-2011.09-SP3/auxx/gui/common/WindowFrameWork/pkgIndex.tcl
/research/brg/install/bare-pkgs/x86_64-centos6/pkgs/synopsys-dc-2011.09-SP3/auxx/gui/common/dialogs/pkgIndex.tcl
/research/brg/install/bare-pkgs/x86_64-centos6/pkgs/synopsys-dc-2011.09-SP3/auxx/gui/common/docBrowser/pkgIndex.tcl
/research/brg/install/bare-pkgs/x86_64-centos6/pkgs/synopsys-dc-2011.09-SP3/auxx/gui/common/fanoutviewer/pkgIndex.tcl
/research/brg/install/bare-pkgs/x86_64-centos6/pkgs/synopsys-dc-2011.09-SP3/auxx/gui/common/hierarchy/pkgIndex.tcl
/research/brg/install/bare-pkgs/x86_64-centos6/pkgs/synopsys-dc-2011.09-SP3/auxx/gui/common/highlight/pkgIndex.tcl
/research/brg/install/bare-pkgs/x86_64-centos6/pkgs/synopsys-dc-2011.09-SP3/auxx/gui/common/histogram/pkgIndex.tcl
/research/brg/install/bare-pkgs/x86_64-centos6/pkgs/synopsys-dc-2011.09-SP3/auxx/gui/common/layout/pkgIndex.tcl
/research/brg/install/bare-pkgs/x86_64-centos6/pkgs/synopsys-dc-2011.09-SP3/auxx/gui/common/libviewer/pkgIndex.tcl
/research/brg/install/bare-pkgs/x86_64-centos6/pkgs/synopsys-dc-2011.09-SP3/auxx/gui/common/menus/pkgIndex.tcl
/research/brg/install/bare-pkgs/x86_64-centos6/pkgs/synopsys-dc-2011.09-SP3/auxx/gui/common/misc/pkgIndex.tcl
/research/brg/install/bare-pkgs/x86_64-centos6/pkgs/synopsys-dc-2011.09-SP3/auxx/gui/common/opdlg/pkgIndex.tcl
/research/brg/install/bare-pkgs/x86_64-centos6/pkgs/synopsys-dc-2011.09-SP3/auxx/gui/common/pathinspector/pkgIndex.tcl
/research/brg/install/bare-pkgs/x86_64-centos6/pkgs/synopsys-dc-2011.09-SP3/auxx/gui/common/profiler/pkgIndex.tcl
/research/brg/install/bare-pkgs/x86_64-centos6/pkgs/synopsys-dc-2011.09-SP3/auxx/gui/common/qtcl/pkgIndex.tcl
/research/brg/install/bare-pkgs/x86_64-centos6/pkgs/synopsys-dc-2011.09-SP3/auxx/gui/common/regressionToolkit/pkgIndex.tcl
/research/brg/install/bare-pkgs/x86_64-centos6/pkgs/synopsys-dc-2011.09-SP3/auxx/gui/common/schematic/pkgIndex.tcl
/research/brg/install/bare-pkgs/x86_64-centos6/pkgs/synopsys-dc-2011.09-SP3/auxx/gui/common/select/pkgIndex.tcl
/research/brg/install/bare-pkgs/x86_64-centos6/pkgs/synopsys-dc-2011.09-SP3/auxx/gui/common/setup/pkgIndex.tcl
/research/brg/install/bare-pkgs/x86_64-centos6/pkgs/synopsys-dc-2011.09-SP3/auxx/gui/common/strokes/pkgIndex.tcl
/research/brg/install/bare-pkgs/x86_64-centos6/pkgs/synopsys-dc-2011.09-SP3/auxx/gui/common/table/pkgIndex.tcl
/research/brg/install/bare-pkgs/x86_64-centos6/pkgs/synopsys-dc-2011.09-SP3/auxx/gui/common/tcl-dp/pkgIndex.tcl
/research/brg/install/bare-pkgs/x86_64-centos6/pkgs/synopsys-dc-2011.09-SP3/auxx/gui/common/timing/pkgIndex.tcl
/research/brg/install/bare-pkgs/x86_64-centos6/pkgs/synopsys-dc-2011.09-SP3/auxx/gui/common/view/pkgIndex.tcl
/research/brg/install/bare-pkgs/x86_64-centos6/pkgs/synopsys-dc-2011.09-SP3/auxx/tcllib/snps_tcl/snpsTclPro/pkgIndex.tcl
/research/brg/install/bare-pkgs/x86_64-centos6/pkgs/synopsys-dc-2011.09-SP3/auxx/tcllib/snps_tcl/snpsTest/pkgIndex.tcl
/research/brg/install/bare-pkgs/x86_64-centos6/pkgs/synopsys-dc-2011.09-SP3/auxx/tcllib/snps_tcl/snpsUtils/pkgIndex.tcl
/research/brg/install/bare-pkgs/x86_64-centos6/pkgs/synopsys-dc-2011.09-SP3/auxx/tcllib/snps_tcl/pkgIndex.tcl
/research/brg/install/bare-pkgs/x86_64-centos6/pkgs/synopsys-dc-2011.09-SP3/auxx/tcllib/lib/tcl8.4/dde/pkgIndex.tcl
/research/brg/install/bare-pkgs/x86_64-centos6/pkgs/synopsys-dc-2011.09-SP3/auxx/tcllib/lib/tcl8.4/http/pkgIndex.tcl
/research/brg/install/bare-pkgs/x86_64-centos6/pkgs/synopsys-dc-2011.09-SP3/auxx/tcllib/lib/tcl8.4/http1.0/pkgIndex.tcl
/research/brg/install/bare-pkgs/x86_64-centos6/pkgs/synopsys-dc-2011.09-SP3/auxx/tcllib/lib/tcl8.4/msgcat/pkgIndex.tcl
/research/brg/install/bare-pkgs/x86_64-centos6/pkgs/synopsys-dc-2011.09-SP3/auxx/tcllib/lib/tcl8.4/opt/pkgIndex.tcl
/research/brg/install/bare-pkgs/x86_64-centos6/pkgs/synopsys-dc-2011.09-SP3/auxx/tcllib/lib/tcl8.4/reg/pkgIndex.tcl
/research/brg/install/bare-pkgs/x86_64-centos6/pkgs/synopsys-dc-2011.09-SP3/auxx/tcllib/lib/tcl8.4/tcltest/pkgIndex.tcl
/research/brg/install/bare-pkgs/x86_64-centos6/pkgs/synopsys-dc-2011.09-SP3/auxx/gui/common/setup/snpsCommonSetup.tcl
/research/brg/install/bare-pkgs/x86_64-centos6/pkgs/synopsys-dc-2011.09-SP3/auxx/gui/common/setup/snpsCustomize.tcl
/research/brg/install/bare-pkgs/x86_64-centos6/pkgs/synopsys-dc-2011.09-SP3/auxx/gui/common/setup/snpsProcheck.tcl
/research/brg/install/bare-pkgs/x86_64-centos6/pkgs/synopsys-dc-2011.09-SP3/auxx/gui/common/qtcl/.synopsys_qtcl.tcl
/research/brg/install/bare-pkgs/x86_64-centos6/pkgs/synopsys-dc-2011.09-SP3/auxx/gui/common/highlight/highlight.tcl
/research/brg/install/bare-pkgs/x86_64-centos6/pkgs/synopsys-dc-2011.09-SP3/auxx/gui/common/misc/base.tcl
/research/brg/install/bare-pkgs/x86_64-centos6/pkgs/synopsys-dc-2011.09-SP3/auxx/gui/common/misc/timing.tcl
/research/brg/install/bare-pkgs/x86_64-centos6/pkgs/synopsys-dc-2011.09-SP3/auxx/gui/common/misc/setting.tcl
/research/brg/install/bare-pkgs/x86_64-centos6/pkgs/synopsys-dc-2011.09-SP3/auxx/gui/common/docBrowser/docBrowser.tcl
/research/brg/install/bare-pkgs/x86_64-centos6/pkgs/synopsys-dc-2011.09-SP3/auxx/tcllib/snps_tcl/snpsUtils/snpsUtils.tcl
/research/brg/install/bare-pkgs/x86_64-centos6/pkgs/synopsys-dc-2011.09-SP3/auxx/gui/common/WindowFrameWork/windowFrameWork.tcl
/research/brg/install/bare-pkgs/x86_64-centos6/pkgs/synopsys-dc-2011.09-SP3/auxx/gui/common/WindowFrameWork/skipBusyCursorCmdList.tcl
/research/brg/install/bare-pkgs/x86_64-centos6/pkgs/synopsys-dc-2011.09-SP3/auxx/gui/common/dialogs/ObjectChooser.tcl
/research/brg/install/bare-pkgs/x86_64-centos6/pkgs/synopsys-dc-2011.09-SP3/auxx/gui/common/misc/DialogObjectChooser.tcl
/research/brg/install/bare-pkgs/x86_64-centos6/pkgs/synopsys-dc-2011.09-SP3/auxx/gui/common/dialogs/HistBinInformation.tcl
/research/brg/install/bare-pkgs/x86_64-centos6/pkgs/synopsys-dc-2011.09-SP3/auxx/gui/common/dialogs/HistBin1Information.tcl
/research/brg/install/bare-pkgs/x86_64-centos6/pkgs/synopsys-dc-2011.09-SP3/auxx/gui/common/dialogs/BinsOnlyInformation.tcl
/research/brg/install/bare-pkgs/x86_64-centos6/pkgs/synopsys-dc-2011.09-SP3/auxx/gui/common/dialogs/FileChooser.tcl
/research/brg/install/bare-pkgs/x86_64-centos6/pkgs/synopsys-dc-2011.09-SP3/auxx/gui/common/dialogs/PathPinSimpleInfo.tcl
/research/brg/install/bare-pkgs/x86_64-centos6/pkgs/synopsys-dc-2011.09-SP3/auxx/gui/common/dialogs/PathsBasicInfo.tcl
/research/brg/install/bare-pkgs/x86_64-centos6/pkgs/synopsys-dc-2011.09-SP3/auxx/gui/common/dialogs/PathsBasicSimpleInfo.tcl
/research/brg/install/bare-pkgs/x86_64-centos6/pkgs/synopsys-dc-2011.09-SP3/auxx/gui/common/dialogs/SlctOperationInfo.tcl
/research/brg/install/bare-pkgs/x86_64-centos6/pkgs/synopsys-dc-2011.09-SP3/auxx/gui/common/dialogs/ObjectListInfo.tcl
/research/brg/install/bare-pkgs/x86_64-centos6/pkgs/synopsys-dc-2011.09-SP3/auxx/gui/common/dialogs/FanInOutInfo.tcl
/research/brg/install/bare-pkgs/x86_64-centos6/pkgs/synopsys-dc-2011.09-SP3/auxx/gui/common/dialogs/NumberOfLevelsChooser.tcl
/research/brg/install/bare-pkgs/x86_64-centos6/pkgs/synopsys-dc-2011.09-SP3/auxx/gui/common/dialogs/WindowReuseInfo.tcl
/research/brg/install/bare-pkgs/x86_64-centos6/pkgs/synopsys-dc-2011.09-SP3/auxx/gui/common/dialogs/ReportOutputOptionInfo.tcl
/research/brg/install/bare-pkgs/x86_64-centos6/pkgs/synopsys-dc-2011.09-SP3/auxx/gui/common/setup/snpsCollections.tcl
/research/brg/install/bare-pkgs/x86_64-centos6/pkgs/synopsys-dc-2011.09-SP3/auxx/gui/common/dialogs/CompileLinkDesign.tcl
/research/brg/install/bare-pkgs/x86_64-centos6/pkgs/synopsys-dc-2011.09-SP3/auxx/gui/common/histogram/DialogEndpointSlack.tcl
/research/brg/install/bare-pkgs/x86_64-centos6/pkgs/synopsys-dc-2011.09-SP3/auxx/gui/common/histogram/DialogPathsSlack.tcl
/research/brg/install/bare-pkgs/x86_64-centos6/pkgs/synopsys-dc-2011.09-SP3/auxx/gui/common/histogram/DialogNetCapacitance.tcl
/research/brg/install/bare-pkgs/x86_64-centos6/pkgs/synopsys-dc-2011.09-SP3/auxx/gui/common/schematic/DialogPathSchematicFanInOut.tcl
/research/brg/install/bare-pkgs/x86_64-centos6/pkgs/synopsys-dc-2011.09-SP3/auxx/gui/common/schematic/DialogPathSchematicAddPaths.tcl
/home/student/fz89/flicker/physical-design/scripts/synthesis.tcl
/home/student/fz89/flicker/physical-design/scripts/read_design.tcl
/research/brg/install/bare-pkgs/x86_64-centos6/pkgs/synopsys-dc-2011.09-SP3/libraries/syn/gtech.db
/research/brg/install/bare-pkgs/x86_64-centos6/pkgs/synopsys-dc-2011.09-SP3/libraries/syn/standard.sldb
/home/student/fz89/flicker/cores/Core-12/FabScalarParam.v
/home/student/fz89/flicker/cores/Core-12/ISA/SimpleScalar_ISA.v
/home/student/fz89/flicker/cores/Core-12/FabScalarParam.v
/home/student/fz89/flicker/cores/Core-12/ISA/SimpleScalar_ISA.v
/home/student/fz89/flicker/cores/Core-12/fetch/RAS.v
/home/student/fz89/flicker/cores/Core-12/fetch/BTB.v
/home/student/fz89/flicker/cores/Core-12/fetch/SelectInst.v
/home/student/fz89/flicker/cores/Core-12/fetch/BranchPrediction_2-bit.v
/home/student/fz89/flicker/cores/Core-12/fetch/FetchStage1.v
/home/student/fz89/flicker/cores/Core-12/fetch/Fetch1Fetch2.v
/home/student/fz89/flicker/cores/Core-12/fetch/FetchStage2.v
/home/student/fz89/flicker/cores/Core-12/fetch/Fetch2Decode.v
/home/student/fz89/flicker/cores/Core-12/fetch/CtrlQueue.v
/home/student/fz89/flicker/cores/Core-12/FabScalarParam.v
/home/student/fz89/flicker/cores/Core-12/ISA/SimpleScalar_ISA.v
/home/student/fz89/flicker/cores/Core-12/decode/Decode.v
/home/student/fz89/flicker/cores/Core-12/decode/Decode_PISA.v
/home/student/fz89/flicker/cores/Core-12/decode/PreDecode_PISA.v
/home/student/fz89/flicker/cores/Core-12/decode/InstructionBuffer.v
/home/student/fz89/flicker/cores/Core-12/decode/InstBufRename.v
/home/student/fz89/flicker/cores/Core-12/FabScalarParam.v
/home/student/fz89/flicker/cores/Core-12/ISA/SimpleScalar_ISA.v
/home/student/fz89/flicker/cores/Core-12/rename/SpecFreeList.v
/home/student/fz89/flicker/cores/Core-12/rename/RenameMapTable.v
/home/student/fz89/flicker/cores/Core-12/rename/Rename.v
/home/student/fz89/flicker/cores/Core-12/rename/RenameDispatch.v
/home/student/fz89/flicker/cores/Core-12/FabScalarParam.v
/home/student/fz89/flicker/cores/Core-12/ISA/SimpleScalar_ISA.v
/home/student/fz89/flicker/cores/Core-12/dispatch/Dispatch.v
/home/student/fz89/flicker/cores/Core-12/FabScalarParam.v
/home/student/fz89/flicker/cores/Core-12/ISA/SimpleScalar_ISA.v
/home/student/fz89/flicker/cores/Core-12/issue/IssueQFreeList.v
/home/student/fz89/flicker/cores/Core-12/issue/IssueQSelect.v
/home/student/fz89/flicker/cores/Core-12/issue/IssueQueue.v
/home/student/fz89/flicker/cores/Core-12/issue/issueqRegRead.v
/home/student/fz89/flicker/cores/Core-12/issue/RSR.v
/home/student/fz89/flicker/cores/Core-12/issue/RegRead.v
/home/student/fz89/flicker/cores/Core-12/issue/RegReadExecute.v
/home/student/fz89/flicker/cores/Core-12/FabScalarParam.v
/home/student/fz89/flicker/cores/Core-12/ISA/SimpleScalar_ISA.v
/home/student/fz89/flicker/cores/Core-12/execute/fu0.v
/home/student/fz89/flicker/cores/Core-12/execute/fu1.v
/home/student/fz89/flicker/cores/Core-12/execute/fu2.v
/home/student/fz89/flicker/cores/Core-12/execute/fu3.v
/home/student/fz89/flicker/cores/Core-12/execute/ForwardCheck.v
/home/student/fz89/flicker/cores/Core-12/execute/Simple_ALU.v
/home/student/fz89/flicker/cores/Core-12/execute/Ctrl_ALU.v
/home/student/fz89/flicker/cores/Core-12/execute/Complex_ALU.v
/home/student/fz89/flicker/cores/Core-12/execute/AGEN.v
/home/student/fz89/flicker/cores/Core-12/execute/AgenLsu.v
/home/student/fz89/flicker/cores/Core-12/execute/Execute.v
/home/student/fz89/flicker/cores/Core-12/FabScalarParam.v
/home/student/fz89/flicker/cores/Core-12/ISA/SimpleScalar_ISA.v
/home/student/fz89/flicker/cores/Core-12/writeback/WriteBack.v
/home/student/fz89/flicker/cores/Core-12/FabScalarParam.v
/home/student/fz89/flicker/cores/Core-12/ISA/SimpleScalar_ISA.v
/home/student/fz89/flicker/cores/Core-12/retire/ActiveList.v
/home/student/fz89/flicker/cores/Core-12/retire/ArchMapTable.v
/home/student/fz89/flicker/cores/Core-12/FabScalarParam.v
/home/student/fz89/flicker/cores/Core-12/ISA/SimpleScalar_ISA.v
/home/student/fz89/flicker/cores/Core-12/fabscalar/Interface.v
/home/student/fz89/flicker/cores/Core-12/fabscalar/FABSCALAR.v
/research/brg/install/bare-pkgs/noarch/synopsys-90nm/toolflow/cells.db
/research/brg/install/bare-pkgs/x86_64-centos6/pkgs/synopsys-dc-2011.09-SP3/libraries/syn/dw_foundation.sldb
/home/student/fz89/synopsys_cache_F-2011.09-SP3/DW01/DW01_MUX/str/cells_1787_8167_4958/element.ddc
/home/student/fz89/synopsys_cache_F-2011.09-SP3/DW01/DW01_mmux/str/2/cells_1787_8167_4958/element.ddc
/home/student/fz89/synopsys_cache_F-2011.09-SP3/DW01/DW01_mmux/str/3/cells_1787_8167_4958/element.ddc
/home/student/fz89/synopsys_cache_F-2011.09-SP3/DW01/DW01_mmux/str/4/cells_1787_8167_4958/element.ddc
/home/student/fz89/synopsys_cache_F-2011.09-SP3/DW01/DW01_mmux/str/5/cells_1787_8167_4958/element.ddc
/home/student/fz89/synopsys_cache_F-2011.09-SP3/DW01/DW01_NOT/str/cells_1787_8167_4958/element.ddc
/home/student/fz89/synopsys_cache_F-2011.09-SP3/DW01/DW01_add/rpl/32/cells_1787_8167_4958/element.ddc
/home/student/fz89/synopsys_cache_F-2011.09-SP3/DW01/DW01_add/rpl/32/cells_1787/element.ddc
/home/student/fz89/synopsys_cache_F-2011.09-SP3/DW01/DW01_inc/rpl/3/cells_1787_8167_4958/element.ddc
/home/student/fz89/synopsys_cache_F-2011.09-SP3/DW01/DW01_add/rpl/3/cells_1787_8167_4958/element.ddc
/home/student/fz89/synopsys_cache_F-2011.09-SP3/DW01/DW01_incdec/rpl/3/cells_1787_8167_4958/element.ddc
/home/student/fz89/synopsys_cache_F-2011.09-SP3/DW01/DW01_inc/rpl/3/cells_1787/element.ddc
/home/student/fz89/synopsys_cache_F-2011.09-SP3/DW01/DW_cmp/pparch/5/cells_1787_8167_4958/element.ddc
/home/student/fz89/synopsys_cache_F-2011.09-SP3/DW01/DW_cmp/apparch/5/cells_1787_8167_4958/element.ddc
/home/student/fz89/synopsys_cache_F-2011.09-SP3/DW01/DW01_add/rpl/2/cells_1787_8167_4958/element.ddc
/home/student/fz89/synopsys_cache_F-2011.09-SP3/DW01/DW01_add/rpl/4/cells_1787_8167_4958/element.ddc
/home/student/fz89/synopsys_cache_F-2011.09-SP3/DW01/DW01_sub/rpl/6/cells_1787_8167_4958/element.ddc
/home/student/fz89/synopsys_cache_F-2011.09-SP3/DW01/DW_cmp/pparch/32/cells_1787_8167_4958/element.ddc
/home/student/fz89/synopsys_cache_F-2011.09-SP3/DW01/DW_cmp/apparch/32/cells_1787_8167_4958/element.ddc
/home/student/fz89/synopsys_cache_F-2011.09-SP3/DW01/DW01_inc/rpl/5/cells_1787_8167_4958/element.ddc
/home/student/fz89/synopsys_cache_F-2011.09-SP3/DW01/DW01_add/rpl/5/cells_1787_8167_4958/element.ddc
/home/student/fz89/synopsys_cache_F-2011.09-SP3/DW01/DW01_sub/rpl/5/cells_1787_8167_4958/element.ddc
/home/student/fz89/synopsys_cache_F-2011.09-SP3/DW02/DW_mult_uns/pparch/3/1/cells_1787_8167_4958/element.ddc
/home/student/fz89/synopsys_cache_F-2011.09-SP3/DW02/DW_mult_uns/apparch/3/1/cells_1787_8167_4958/element.ddc
/home/student/fz89/synopsys_cache_F-2011.09-SP3/DW01/DW01_cmp6/rpl/5/cells_1787_8167_4958/element.ddc
/home/student/fz89/synopsys_cache_F-2011.09-SP3/DW01/DW01_cmp6/rpl/32/cells_1787_8167_4958/element.ddc
/home/student/fz89/synopsys_cache_F-2011.09-SP3/DW01/DW01_incdec/rpl/5/cells_1787_8167_4958/element.ddc
/home/student/fz89/synopsys_cache_F-2011.09-SP3/DW02/DW02_mult/csa/3/1/cells_1787_8167_4958/element.ddc
/home/student/fz89/synopsys_cache_F-2011.09-SP3/DW02/DW02_mult/csa/1/3/cells_1787_8167_4958/element.ddc
/home/student/fz89/synopsys_cache_F-2011.09-SP3/DW02/DW02_mult/apparch/3/1/cells_1787_8167_4958/element.ddc
/home/student/fz89/synopsys_cache_F-2011.09-SP3/DW01/DW01_cmp2/rpl/32/cells_1787_8167_4958/element.ddc
/home/student/fz89/synopsys_cache_F-2011.09-SP3/DW01/DW01_add/rpl/5/cells_1787/element.ddc
/home/student/fz89/synopsys_cache_F-2011.09-SP3/DW01/DW01_inc/rpl/5/cells_1787/element.ddc
/home/student/fz89/synopsys_cache_F-2011.09-SP3/DW01/DW01_sub/rpl/5/cells_1787/element.ddc
/home/student/fz89/synopsys_cache_F-2011.09-SP3/DW02/DW_mult_uns/apparch/3/1/cells_1787/8167_4958/mapped.ddc
/home/student/fz89/synopsys_cache_F-2011.09-SP3/DW01/DW01_add/rpl/4/cells_1787/element.ddc
/home/student/fz89/synopsys_cache_F-2011.09-SP3/DW01/DW01_sub/rpl/6/cells_1787/element.ddc
/home/student/fz89/synopsys_cache_F-2011.09-SP3/DW01/DW01_add/rpl/3/cells_1787/element.ddc
/home/student/fz89/synopsys_cache_F-2011.09-SP3/DW01/DW01_add/rpl/2/cells_1787/element.ddc
/home/student/fz89/synopsys_cache_F-2011.09-SP3/DW01/DW01_inc/rpl/8/cells_1787_8167_4958/element.ddc
/home/student/fz89/synopsys_cache_F-2011.09-SP3/DW01/DW01_add/rpl/8/cells_1787_8167_4958/element.ddc
/home/student/fz89/synopsys_cache_F-2011.09-SP3/DW01/DW01_add/rpl/7/cells_1787_8167_4958/element.ddc
/home/student/fz89/synopsys_cache_F-2011.09-SP3/DW01/DW01_sub/rpl/8/cells_1787_8167_4958/element.ddc
/home/student/fz89/synopsys_cache_F-2011.09-SP3/DW01/DW_cmp/pparch/8/cells_1787_8167_4958/element.ddc
/home/student/fz89/synopsys_cache_F-2011.09-SP3/DW01/DW_cmp/apparch/8/cells_1787_8167_4958/element.ddc
/home/student/fz89/synopsys_cache_F-2011.09-SP3/DW01/DW01_inc/rpl/7/cells_1787_8167_4958/element.ddc
/home/student/fz89/synopsys_cache_F-2011.09-SP3/DW01/DW01_cmp6/rpl/8/cells_1787_8167_4958/element.ddc
/home/student/fz89/synopsys_cache_F-2011.09-SP3/DW01/DW01_cmp2/rpl/8/cells_1787_8167_4958/element.ddc
/home/student/fz89/synopsys_cache_F-2011.09-SP3/DW01/DW01_add/rpl/7/cells_1787/element.ddc
/home/student/fz89/synopsys_cache_F-2011.09-SP3/DW01/DW01_sub/rpl/8/cells_1787/element.ddc
/home/student/fz89/synopsys_cache_F-2011.09-SP3/DW01/DW01_add/rpl/8/cells_1787/element.ddc
/home/student/fz89/synopsys_cache_F-2011.09-SP3/DW01/DW01_inc/rpl/8/cells_1787/element.ddc
/home/student/fz89/synopsys_cache_F-2011.09-SP3/DW01/DW01_inc/rpl/6/cells_1787_8167_4958/element.ddc
/home/student/fz89/synopsys_cache_F-2011.09-SP3/DW01/DW01_add/rpl/6/cells_1787_8167_4958/element.ddc
/home/student/fz89/synopsys_cache_F-2011.09-SP3/DW01/DW_cmp/pparch/6/cells_1787_8167_4958/element.ddc
/home/student/fz89/synopsys_cache_F-2011.09-SP3/DW01/DW_cmp/apparch/6/cells_1787_8167_4958/element.ddc
/home/student/fz89/synopsys_cache_F-2011.09-SP3/DW01/DW01_cmp6/rpl/6/cells_1787_8167_4958/element.ddc
/home/student/fz89/synopsys_cache_F-2011.09-SP3/DW01/DW01_incdec/rpl/6/cells_1787_8167_4958/element.ddc
/home/student/fz89/synopsys_cache_F-2011.09-SP3/DW01/DW01_add/rpl/6/cells_1787/element.ddc
/home/student/fz89/synopsys_cache_F-2011.09-SP3/DW01/DW01_inc/rpl/6/cells_1787/element.ddc
/home/student/fz89/synopsys_cache_F-2011.09-SP3/DW01/DW_cmp/pparch/17/cells_1787_8167_4958/element.ddc
/home/student/fz89/synopsys_cache_F-2011.09-SP3/DW01/DW_cmp/apparch/17/cells_1787_8167_4958/element.ddc
/home/student/fz89/synopsys_cache_F-2011.09-SP3/DW01/DW01_cmp6/rpl/17/cells_1787_8167_4958/element.ddc
/home/student/fz89/synopsys_cache_F-2011.09-SP3/DW01/DW01_inc/rpl/14/cells_1787_8167_4958/element.ddc
/home/student/fz89/synopsys_cache_F-2011.09-SP3/DW01/DW_cmp/pparch/2/cells_1787_8167_4958/element.ddc
/home/student/fz89/synopsys_cache_F-2011.09-SP3/DW01/DW_cmp/apparch/2/cells_1787_8167_4958/element.ddc
/home/student/fz89/synopsys_cache_F-2011.09-SP3/DW01/DW_cmp/pparch/16/cells_1787_8167_4958/element.ddc
/home/student/fz89/synopsys_cache_F-2011.09-SP3/DW01/DW_cmp/apparch/16/cells_1787_8167_4958/element.ddc
/home/student/fz89/synopsys_cache_F-2011.09-SP3/DW01/DW01_inc/rpl/2/cells_1787_8167_4958/element.ddc
/home/student/fz89/synopsys_cache_F-2011.09-SP3/DW01/DW01_sub/rpl/2/cells_1787_8167_4958/element.ddc
/home/student/fz89/synopsys_cache_F-2011.09-SP3/DW01/DW01_cmp6/rpl/2/cells_1787_8167_4958/element.ddc
/home/student/fz89/synopsys_cache_F-2011.09-SP3/DW01/DW01_cmp6/rpl/16/cells_1787_8167_4958/element.ddc
/home/student/fz89/synopsys_cache_F-2011.09-SP3/DW01/DW01_cmp2/rpl/2/cells_1787_8167_4958/element.ddc
/home/student/fz89/synopsys_cache_F-2011.09-SP3/DW01/DW01_add/rpl/14/cells_1787_8167_4958/element.ddc
/home/student/fz89/synopsys_cache_F-2011.09-SP3/DW01/DW01_incdec/rpl/14/cells_1787_8167_4958/element.ddc
/home/student/fz89/synopsys_cache_F-2011.09-SP3/DW01/DW01_incdec/rpl/2/cells_1787_8167_4958/element.ddc
/home/student/fz89/synopsys_cache_F-2011.09-SP3/DW01/DW01_cmp2/rpl/2/cells_1787/element.ddc
/home/student/fz89/synopsys_cache_F-2011.09-SP3/DW01/DW_cmp/apparch/2/cells_1787/8167_4958/mapped.ddc
/home/student/fz89/synopsys_cache_F-2011.09-SP3/DW01/DW01_inc/rpl/2/cells_1787/element.ddc
/home/student/fz89/synopsys_cache_F-2011.09-SP3/DW01/DW01_inc/rpl/14/cells_1787/element.ddc
/home/student/fz89/synopsys_cache_F-2011.09-SP3/DW01/DW01_sub/rpl/2/cells_1787/element.ddc
/home/student/fz89/synopsys_cache_F-2011.09-SP3/DW01/DW01_dec/rpl/4/cells_1787_8167_4958/element.ddc
/home/student/fz89/synopsys_cache_F-2011.09-SP3/DW01/DW01_inc/rpl/4/cells_1787_8167_4958/element.ddc
/home/student/fz89/synopsys_cache_F-2011.09-SP3/DW01/DW01_incdec/rpl/4/cells_1787_8167_4958/element.ddc
/home/student/fz89/synopsys_cache_F-2011.09-SP3/DW01/DW01_sub/rpl/4/cells_1787_8167_4958/element.ddc
/home/student/fz89/synopsys_cache_F-2011.09-SP3/DW01/DW01_incdec/rpl/4/cells_1787/element.ddc
/home/student/fz89/synopsys_cache_F-2011.09-SP3/DW01/DW_cmp/pparch/4/cells_1787_8167_4958/element.ddc
/home/student/fz89/synopsys_cache_F-2011.09-SP3/DW01/DW_cmp/apparch/4/cells_1787_8167_4958/element.ddc
/home/student/fz89/synopsys_cache_F-2011.09-SP3/DW01/DW01_cmp6/rpl/4/cells_1787_8167_4958/element.ddc
/home/student/fz89/synopsys_cache_F-2011.09-SP3/DW01/DW01_cmp2/rpl/4/cells_1787_8167_4958/element.ddc
/home/student/fz89/synopsys_cache_F-2011.09-SP3/DW02/DW02_mult/apparch/1/3/cells_1787_8167_4958/element.ddc
/home/student/fz89/synopsys_cache_F-2011.09-SP3/DW01/DW01_inc/rpl/4/cells_1787/element.ddc
/home/student/fz89/synopsys_cache_F-2011.09-SP3/DW01/DW01_cmp2/rpl/4/cells_1787/element.ddc
/home/student/fz89/synopsys_cache_F-2011.09-SP3/DW01/DW01_add/rpl/16/cells_1787_8167_4958/element.ddc
/home/student/fz89/synopsys_cache_F-2011.09-SP3/DW01/DW01_add/rpl/16/cells_1787/element.ddc
/home/student/fz89/synopsys_cache_F-2011.09-SP3/DW01/DW01_sub/rpl/9/cells_1787_8167_4958/element.ddc
/home/student/fz89/synopsys_cache_F-2011.09-SP3/DW01/DW01_sub/rpl/7/cells_1787_8167_4958/element.ddc
/home/student/fz89/synopsys_cache_F-2011.09-SP3/DW01/DW_cmp/pparch/7/cells_1787_8167_4958/element.ddc
/home/student/fz89/synopsys_cache_F-2011.09-SP3/DW01/DW_cmp/apparch/7/cells_1787_8167_4958/element.ddc
/home/student/fz89/synopsys_cache_F-2011.09-SP3/DW01/DW01_cmp6/rpl/7/cells_1787_8167_4958/element.ddc
/home/student/fz89/synopsys_cache_F-2011.09-SP3/DW01/DW01_incdec/rpl/8/cells_1787_8167_4958/element.ddc
/home/student/fz89/synopsys_cache_F-2011.09-SP3/DW01/DW01_cmp2/rpl/7/cells_1787_8167_4958/element.ddc
/home/student/fz89/synopsys_cache_F-2011.09-SP3/DW01/DW01_sub/rpl/7/cells_1787/element.ddc
/home/student/fz89/synopsys_cache_F-2011.09-SP3/DW01/DW01_sub/rpl/9/cells_1787/element.ddc
/home/student/fz89/synopsys_cache_F-2011.09-SP3/DW01/DW01_cmp2/rpl/8/cells_1787/element.ddc
/home/student/fz89/synopsys_cache_F-2011.09-SP3/DW01/DW01_add/rpl/33/cells_1787_8167_4958/element.ddc
/home/student/fz89/synopsys_cache_F-2011.09-SP3/DW01/DW01_sub/rpl/33/cells_1787_8167_4958/element.ddc
/home/student/fz89/synopsys_cache_F-2011.09-SP3/DW01/DW01_sub/rpl/32/cells_1787_8167_4958/element.ddc
/home/student/fz89/synopsys_cache_F-2011.09-SP3/DW01/DW_leftsh/astr/32/16/cells_1787_8167_4958/element.ddc
/home/student/fz89/synopsys_cache_F-2011.09-SP3/DW01/DW_leftsh/astr/32/5/cells_1787_8167_4958/element.ddc
/home/student/fz89/synopsys_cache_F-2011.09-SP3/DW01/DW_rightsh/astr/32/16/cells_1787_8167_4958/element.ddc
/home/student/fz89/synopsys_cache_F-2011.09-SP3/DW01/DW_rightsh/astr/32/5/cells_1787_8167_4958/element.ddc
/home/student/fz89/synopsys_cache_F-2011.09-SP3/DW01/DW_rash/mx2/32/5/cells_1787_8167_4958/element.ddc
/home/student/fz89/synopsys_cache_F-2011.09-SP3/DW01/DW_rash/astr/32/5/cells_1787_8167_4958/element.ddc
/home/student/fz89/synopsys_cache_F-2011.09-SP3/DW01/DW_rash/astr/32/16/cells_1787_8167_4958/element.ddc
/home/student/fz89/synopsys_cache_F-2011.09-SP3/DW01/DW01_sub/rpl/33/cells_1787/element.ddc
/home/student/fz89/synopsys_cache_F-2011.09-SP3/DW01/DW01_add/rpl/33/cells_1787/element.ddc
/home/student/fz89/synopsys_cache_F-2011.09-SP3/DW01/DW01_sub/rpl/33/cells_1787/element.ddc
/home/student/fz89/synopsys_cache_F-2011.09-SP3/DW01/DW01_add/rpl/33/cells_1787/element.ddc
/home/student/fz89/synopsys_cache_F-2011.09-SP3/DW01/DW01_add/rpl/16/cells_1787/element.ddc
/home/student/fz89/synopsys_cache_F-2011.09-SP3/DW01/DW01_inc/rpl/6/cells_1787/element.ddc
/home/student/fz89/synopsys_cache_F-2011.09-SP3/DW01/DW01_add/rpl/32/cells_1787/element.ddc
/research/brg/install/bare-pkgs/noarch/synopsys-90nm/toolflow/cells.db
/research/brg/install/bare-pkgs/noarch/synopsys-90nm/toolflow/cells.db
